<?xml version="1.0" encoding="UTF-8"?>
<testsuite name="fr.sg.account.service.AccountServiceTest" tests="5" skipped="0" failures="0" errors="0" timestamp="2020-10-25T18:37:08" hostname="ROALTP0039" time="0.163">
  <properties/>
  <testcase name="testOperationsAmountKo" classname="fr.sg.account.service.AccountServiceTest" time="0.153"/>
  <testcase name="testOperations" classname="fr.sg.account.service.AccountServiceTest" time="0.001"/>
  <testcase name="testWithdraw" classname="fr.sg.account.service.AccountServiceTest" time="0.007"/>
  <testcase name="testOperationsTypeKo" classname="fr.sg.account.service.AccountServiceTest" time="0.0"/>
  <testcase name="testDeposit" classname="fr.sg.account.service.AccountServiceTest" time="0.0"/>
  <system-out><![CDATA[]]></system-out>
  <system-err><![CDATA[]]></system-err>
</testsuite>
